<?xml version="1.0" encoding="UTF-8"?>
<!-- Generated by org.testng.reporters.JUnitXMLReporter -->
<testsuite ignored="0" hostname="iraramadhanty" failures="0" tests="7" name="MyTestGroup" time="16.067" errors="0" timestamp="2025-09-17T00:53:31 WIB">
  <testcase classname="ApiImplementation" name="create_booking" time="1.369"/>
  <testcase classname="ApiImplementation" name="generate_token" time="1.81"/>
  <testcase classname="ApiImplementation" name="get_booking" time="1.693"/>
  <testcase classname="ApiImplementation" name="get_booking_ids" time="1.734"/>
  <testcase classname="ApiImplementation" name="partial_update_booking" time="1.601"/>
  <testcase classname="ApiImplementation" name="update_booking" time="1.739"/>
  <testcase classname="ApiImplementation" name="delete_booking" time="1.314"/>
</testsuite> <!-- MyTestGroup -->
