<?xml version="1.0" encoding="UTF-8"?>
<testsuite xmlns:xsi="http://www.w3.org/2001/XMLSchema-instance" xsi:noNamespaceSchemaLocation="https://maven.apache.org/surefire/maven-surefire-plugin/xsd/surefire-test-report.xsd" name="TestSuite" time="16.883" tests="7" errors="0" skipped="0" failures="0">
  <properties>
[...]
</properties>
  <testcase name="create_booking" classname="ApiImplementation" time="1.371"/>
  <testcase name="generate_token" classname="ApiImplementation" time="1.811"/>
  <testcase name="get_booking" classname="ApiImplementation" time="1.694"/>
  <testcase name="get_booking_ids" classname="ApiImplementation" time="1.734"/>
  <testcase name="partial_update_booking" classname="ApiImplementation" time="1.602"/>
  <testcase name="update_booking" classname="ApiImplementation" time="1.743"/>
  <testcase name="delete_booking" classname="ApiImplementation" time="1.312"/>
</testsuite>